<beans xmlns="http://www.springframework.org/schema/beans" xmlns:xsi="http://www.w3.org/2001/XMLSchema-instance"
  xsi:schemaLocation="http://www.springframework.org/schema/beans http://www.springframework.org/schema/beans/spring-beans-2.5.xsd"
  default-autowire="no">

  <import resource="test-hibernate-config.xml" />
  <import resource="test-db-config.xml" />

  <bean class="org.springframework.beans.factory.config.PropertyPlaceholderConfigurer">
    <property name="properties">
      <value>
      <![CDATA[
        org.obiba.onyx.supportedRecruitmentTypes=
        
        # The Algorithm and Password configuration is just here to allow the beans to load correctly. This test
        # uses the deployment "beans.xml" file and some beans require configuration, even thought they're not
        # used directly in the test. It would be good for the test to use its own bean.xml file, and only load
        # what it requires.
        
        # Algorithm used to hash user passwords. 
        org.obiba.onyx.password.hash.algorithm=SHA
        
        # Password Validation Strategy
        org.obiba.onyx.password.validation.allowedCharacterGroups="A-Z","a-z","0-9","[.!@#$%&*()]"
        org.obiba.onyx.password.validation.minimumCharacterGroupsUsage=3
        org.obiba.onyx.password.validation.preventUserAttributeUsage=true
        org.obiba.onyx.password.validation.minimumSize=8
        org.obiba.onyx.password.validation.maximumSize=14
        
        org.obiba.onyx.appointments.inputDirectory=file:./src/test/resources/appointments/in
        org.obiba.onyx.appointments.outputDirectory=
        
        org.obiba.onyx.config.path=
        
        org.obiba.onyx.participant.purge=15
      ]]>
      </value>
    </property>
    <property name="ignoreUnresolvablePlaceholders" value="true" />
  </bean>

  <bean id="participantReader" class="org.obiba.onyx.core.etl.participant.impl.ParticipantReader"
    scope="prototype">
    <property name="participantMetadata" ref="participantMetadata" />
    <property name="sheetNumber" value="1" />
    <property name="headerRowNumber" value="2" />
    <property name="firstDataRowNumber" value="3" />
    <property name="columnNameToAttributeNameMap">
      <map>
        <entry key="Participant ID">
          <value>Enrollment ID</value>
        </entry>
        <entry key="Sex">
          <value>Gender</value>
        </entry>
        <entry key="Appointment date/time">
          <value>Appointment Time</value>
        </entry>
      </map>
    </property>
  </bean>

  <bean id="stageOrderingStrategy" class="org.obiba.onyx.engine.StaticStageOrderingStrategy">
    <property name="stageOrdering" value="" />
  </bean>

  <bean id="userSessionService" class="org.obiba.onyx.core.service.impl.UserSessionServiceBeanImpl"/>
    
  <bean id="participantMetadata" class="org.obiba.onyx.core.domain.participant.ParticipantMetadata">
    <property name="participantIdPattern" value=".*" />
    <property name="onyxConfigPath" value="${org.obiba.onyx.config.path}" />
    <property name="supportedRecruitmentTypesString" value="${org.obiba.onyx.supportedRecruitmentTypes}" />
  </bean>
  
  <bean id="onyxDataExportDestinations" class="org.obiba.onyx.engine.variable.export.OnyxDataExportFactoryBean">
    <property name="destinationsResource" value="${org.obiba.onyx.config.path}/export-destinations.xml" />
  </bean>
  
  <bean id="participantService"
    class="org.obiba.onyx.core.service.impl.hibernate.ParticipantServiceHibernateImpl" scope="singleton">
    <property name="moduleRegistry" ref="moduleRegistry" />
    <property name="sessionFactory" ref="sessionFactory" />
    <property name="persistenceManager" ref="persistenceManager" />
  </bean>  
  
  <bean id="moduleRegistry" class="org.obiba.onyx.engine.ModuleRegistry">
    <property name="stageOrderingStrategy" ref="stageOrderingStrategy" />
  </bean>  
  
  <bean id="userService"
    class="org.obiba.onyx.core.service.impl.hibernate.UserServiceHibernateImpl" scope="singleton">
    <property name="sessionFactory" ref="sessionFactory" />
    <property name="persistenceManager" ref="persistenceManager" />
  </bean>  
  
  <bean id="stageExecutionContext" class="org.obiba.onyx.engine.state.StageExecutionContext" scope="prototype">
    <property name="persistenceManager" ref="persistenceManager" />
    <property name="moduleRegistry" ref="moduleRegistry" />
    <property name="userSessionService" ref="userSessionService" />
  </bean>  
    
</beans>
